# JRE version: OpenJDK Runtime Environment Temurin-21.0.9+10 (21.0.9+10) (build 21.0.9+10-LTS)
# Java VM: OpenJDK 64-Bit Server VM Temurin-21.0.9+10 (21.0.9+10-LTS, mixed mode, sharing, tiered, compressed oops, compressed class ptrs, parallel gc, windows-amd64)
GC Precious Log:
 CardTable entry size: 512
 CPUs: 4 total, 4 available
 Memory: 7934M
 Large Page Support: Disabled
 NUMA Support: Disabled
 Compressed Oops: Enabled (32-bit)
 Alignments: Space 512K, Generation 512K, Heap 2M
 Heap Min Capacity: 100M
 Heap Initial Capacity: 100M
 Heap Max Capacity: 2G
 Pre-touch: Disabled
 Parallel Workers: 4
Heap:
 PSYoungGen      total 15360K, used 8504K [0x00000000d5580000, 0x00000000d6700000, 0x0000000100000000)
  eden space 13824K, 59% used [0x00000000d5580000,0x00000000d5d80f60,0x00000000d6300000)
  from space 1536K, 20% used [0x00000000d6480000,0x00000000d64cd200,0x00000000d6600000)
  to   space 512K, 0% used [0x00000000d6680000,0x00000000d6680000,0x00000000d6700000)
 ParOldGen       total 91136K, used 90812K [0x0000000080000000, 0x0000000085900000, 0x00000000d5580000)
  object space 91136K, 99% used [0x0000000080000000,0x00000000858af0d8,0x0000000085900000)
 Metaspace       used 71328K, committed 72832K, reserved 1114112K
  class space    used 7660K, committed 8320K, reserved 1048576K
GC Heap History (20 events):
Event: 848.657 GC heap before
{Heap before GC invocations=105 (full 3):
 PSYoungGen      total 14848K, used 14468K [0x00000000d5580000, 0x00000000d6800000, 0x0000000100000000)
  eden space 13824K, 100% used [0x00000000d5580000,0x00000000d6300000,0x00000000d6300000)
  from space 1024K, 62% used [0x00000000d6680000,0x00000000d6721178,0x00000000d6780000)
  to   space 512K, 0% used [0x00000000d6780000,0x00000000d6780000,0x00000000d6800000)
 ParOldGen       total 86528K, used 86054K [0x0000000080000000, 0x0000000085480000, 0x00000000d5580000)
  object space 86528K, 99% used [0x0000000080000000,0x0000000085409870,0x0000000085480000)
 Metaspace       used 67266K, committed 68672K, reserved 1114112K
  class space    used 7238K, committed 7872K, reserved 1048576K
}
Event: 848.659 GC heap after
{Heap after GC invocations=105 (full 3):
 PSYoungGen      total 14336K, used 497K [0x00000000d5580000, 0x00000000d6800000, 0x0000000100000000)
  eden space 13824K, 0% used [0x00000000d5580000,0x00000000d5580000,0x00000000d6300000)
  from space 512K, 97% used [0x00000000d6780000,0x00000000d67fc710,0x00000000d6800000)
  to   space 1536K, 0% used [0x00000000d6500000,0x00000000d6500000,0x00000000d6680000)
 ParOldGen       total 87040K, used 86543K [0x0000000080000000, 0x0000000085500000, 0x00000000d5580000)
  object space 87040K, 99% used [0x0000000080000000,0x0000000085483c40,0x0000000085500000)
 Metaspace       used 67266K, committed 68672K, reserved 1114112K
  class space    used 7238K, committed 7872K, reserved 1048576K
}
Event: 848.720 GC heap before
{Heap before GC invocations=106 (full 3):
 PSYoungGen      total 14336K, used 14321K [0x00000000d5580000, 0x00000000d6800000, 0x0000000100000000)
  eden space 13824K, 100% used [0x00000000d5580000,0x00000000d6300000,0x00000000d6300000)
  from space 512K, 97% used [0x00000000d6780000,0x00000000d67fc710,0x00000000d6800000)
  to   space 1536K, 0% used [0x00000000d6500000,0x00000000d6500000,0x00000000d6680000)
 ParOldGen       total 87040K, used 86543K [0x0000000080000000, 0x0000000085500000, 0x00000000d5580000)
  object space 87040K, 99% used [0x0000000080000000,0x0000000085483c40,0x0000000085500000)
 Metaspace       used 67283K, committed 68736K, reserved 1114112K
  class space    used 7238K, committed 7872K, reserved 1048576K
}
Event: 848.722 GC heap after
{Heap after GC invocations=106 (full 3):
 PSYoungGen      total 15360K, used 596K [0x00000000d5580000, 0x00000000d6800000, 0x0000000100000000)
  eden space 13824K, 0% used [0x00000000d5580000,0x00000000d5580000,0x00000000d6300000)
  from space 1536K, 38% used [0x00000000d6500000,0x00000000d6595200,0x00000000d6680000)
  to   space 1024K, 0% used [0x00000000d6700000,0x00000000d6700000,0x00000000d6800000)
 ParOldGen       total 87552K, used 87040K [0x0000000080000000, 0x0000000085580000, 0x00000000d5580000)
  object space 87552K, 99% used [0x0000000080000000,0x0000000085500350,0x0000000085580000)
 Metaspace       used 67283K, committed 68736K, reserved 1114112K
  class space    used 7238K, committed 7872K, reserved 1048576K
}
Event: 848.964 GC heap before
{Heap before GC invocations=107 (full 3):
 PSYoungGen      total 15360K, used 14420K [0x00000000d5580000, 0x00000000d6800000, 0x0000000100000000)
  eden space 13824K, 100% used [0x00000000d5580000,0x00000000d6300000,0x00000000d6300000)
  from space 1536K, 38% used [0x00000000d6500000,0x00000000d6595200,0x00000000d6680000)
  to   space 1024K, 0% used [0x00000000d6700000,0x00000000d6700000,0x00000000d6800000)
 ParOldGen       total 87552K, used 87040K [0x0000000080000000, 0x0000000085580000, 0x00000000d5580000)
  object space 87552K, 99% used [0x0000000080000000,0x0000000085500350,0x0000000085580000)
 Metaspace       used 68800K, committed 70272K, reserved 1114112K
  class space    used 7427K, committed 8064K, reserved 1048576K
}
Event: 848.965 GC heap after
{Heap after GC invocations=107 (full 3):
 PSYoungGen      total 14848K, used 748K [0x00000000d5580000, 0x00000000d6800000, 0x0000000100000000)
  eden space 13824K, 0% used [0x00000000d5580000,0x00000000d5580000,0x00000000d6300000)
  from space 1024K, 73% used [0x00000000d6700000,0x00000000d67bb388,0x00000000d6800000)
  to   space 1024K, 0% used [0x00000000d6600000,0x00000000d6600000,0x00000000d6700000)
 ParOldGen       total 87552K, used 87136K [0x0000000080000000, 0x0000000085580000, 0x00000000d5580000)
  object space 87552K, 99% used [0x0000000080000000,0x0000000085518350,0x0000000085580000)
 Metaspace       used 68800K, committed 70272K, reserved 1114112K
  class space    used 7427K, committed 8064K, reserved 1048576K
}
Event: 1243.996 GC heap before
{Heap before GC invocations=108 (full 3):
 PSYoungGen      total 14848K, used 14572K [0x00000000d5580000, 0x00000000d6800000, 0x0000000100000000)
  eden space 13824K, 100% used [0x00000000d5580000,0x00000000d6300000,0x00000000d6300000)
  from space 1024K, 73% used [0x00000000d6700000,0x00000000d67bb388,0x00000000d6800000)
  to   space 1024K, 0% used [0x00000000d6600000,0x00000000d6600000,0x00000000d6700000)
 ParOldGen       total 87552K, used 87136K [0x0000000080000000, 0x0000000085580000, 0x00000000d5580000)
  object space 87552K, 99% used [0x0000000080000000,0x0000000085518350,0x0000000085580000)
 Metaspace       used 70064K, committed 71488K, reserved 1114112K
  class space    used 7585K, committed 8192K, reserved 1048576K
}
Event: 1244.099 GC heap after
{Heap after GC invocations=108 (full 3):
 PSYoungGen      total 14848K, used 654K [0x00000000d5580000, 0x00000000d6780000, 0x0000000100000000)
  eden space 13824K, 0% used [0x00000000d5580000,0x00000000d5580000,0x00000000d6300000)
  from space 1024K, 63% used [0x00000000d6600000,0x00000000d66a3b40,0x00000000d6700000)
  to   space 512K, 0% used [0x00000000d6700000,0x00000000d6700000,0x00000000d6780000)
 ParOldGen       total 88064K, used 87755K [0x0000000080000000, 0x0000000085600000, 0x00000000d5580000)
  object space 88064K, 99% used [0x0000000080000000,0x00000000855b2c68,0x0000000085600000)
 Metaspace       used 70064K, committed 71488K, reserved 1114112K
  class space    used 7585K, committed 8192K, reserved 1048576K
}
Event: 1247.171 GC heap before
{Heap before GC invocations=109 (full 3):
 PSYoungGen      total 14848K, used 14478K [0x00000000d5580000, 0x00000000d6780000, 0x0000000100000000)
  eden space 13824K, 100% used [0x00000000d5580000,0x00000000d6300000,0x00000000d6300000)
  from space 1024K, 63% used [0x00000000d6600000,0x00000000d66a3b40,0x00000000d6700000)
  to   space 512K, 0% used [0x00000000d6700000,0x00000000d6700000,0x00000000d6780000)
 ParOldGen       total 88064K, used 87755K [0x0000000080000000, 0x0000000085600000, 0x00000000d5580000)
  object space 88064K, 99% used [0x0000000080000000,0x00000000855b2c68,0x0000000085600000)
 Metaspace       used 70229K, committed 71744K, reserved 1114112K
  class space    used 7606K, committed 8256K, reserved 1048576K
}
Event: 1247.174 GC heap after
{Heap after GC invocations=109 (full 3):
 PSYoungGen      total 14336K, used 192K [0x00000000d5580000, 0x00000000d6780000, 0x0000000100000000)
  eden space 13824K, 0% used [0x00000000d5580000,0x00000000d5580000,0x00000000d6300000)
  from space 512K, 37% used [0x00000000d6700000,0x00000000d6730000,0x00000000d6780000)
  to   space 512K, 0% used [0x00000000d6680000,0x00000000d6680000,0x00000000d6700000)
 ParOldGen       total 88576K, used 88091K [0x0000000080000000, 0x0000000085680000, 0x00000000d5580000)
  object space 88576K, 99% used [0x0000000080000000,0x0000000085606fc8,0x0000000085680000)
 Metaspace       used 70229K, committed 71744K, reserved 1114112K
  class space    used 7606K, committed 8256K, reserved 1048576K
}
Event: 1248.697 GC heap before
{Heap before GC invocations=110 (full 3):
 PSYoungGen      total 14336K, used 14016K [0x00000000d5580000, 0x00000000d6780000, 0x0000000100000000)
  eden space 13824K, 100% used [0x00000000d5580000,0x00000000d6300000,0x00000000d6300000)
  from space 512K, 37% used [0x00000000d6700000,0x00000000d6730000,0x00000000d6780000)
  to   space 512K, 0% used [0x00000000d6680000,0x00000000d6680000,0x00000000d6700000)
 ParOldGen       total 88576K, used 88091K [0x0000000080000000, 0x0000000085680000, 0x00000000d5580000)
  object space 88576K, 99% used [0x0000000080000000,0x0000000085606fc8,0x0000000085680000)
 Metaspace       used 70771K, committed 72320K, reserved 1114112K
  class space    used 7651K, committed 8320K, reserved 1048576K
}
Event: 1248.701 GC heap after
{Heap after GC invocations=110 (full 3):
 PSYoungGen      total 14336K, used 500K [0x00000000d5580000, 0x00000000d6780000, 0x0000000100000000)
  eden space 13824K, 0% used [0x00000000d5580000,0x00000000d5580000,0x00000000d6300000)
  from space 512K, 97% used [0x00000000d6680000,0x00000000d66fd220,0x00000000d6700000)
  to   space 512K, 0% used [0x00000000d6700000,0x00000000d6700000,0x00000000d6780000)
 ParOldGen       total 89088K, used 88684K [0x0000000080000000, 0x0000000085700000, 0x00000000d5580000)
  object space 89088K, 99% used [0x0000000080000000,0x000000008569b220,0x0000000085700000)
 Metaspace       used 70771K, committed 72320K, reserved 1114112K
  class space    used 7651K, committed 8320K, reserved 1048576K
}
Event: 1248.848 GC heap before
{Heap before GC invocations=111 (full 3):
 PSYoungGen      total 14336K, used 14324K [0x00000000d5580000, 0x00000000d6780000, 0x0000000100000000)
  eden space 13824K, 100% used [0x00000000d5580000,0x00000000d6300000,0x00000000d6300000)
  from space 512K, 97% used [0x00000000d6680000,0x00000000d66fd220,0x00000000d6700000)
  to   space 512K, 0% used [0x00000000d6700000,0x00000000d6700000,0x00000000d6780000)
 ParOldGen       total 89088K, used 88684K [0x0000000080000000, 0x0000000085700000, 0x00000000d5580000)
  object space 89088K, 99% used [0x0000000080000000,0x000000008569b220,0x0000000085700000)
 Metaspace       used 70809K, committed 72320K, reserved 1114112K
  class space    used 7651K, committed 8320K, reserved 1048576K
}
Event: 1248.850 GC heap after
{Heap after GC invocations=111 (full 3):
 PSYoungGen      total 14336K, used 490K [0x00000000d5580000, 0x00000000d6780000, 0x0000000100000000)
  eden space 13824K, 0% used [0x00000000d5580000,0x00000000d5580000,0x00000000d6300000)
  from space 512K, 95% used [0x00000000d6700000,0x00000000d677a910,0x00000000d6780000)
  to   space 1024K, 0% used [0x00000000d6580000,0x00000000d6580000,0x00000000d6680000)
 ParOldGen       total 89088K, used 89025K [0x0000000080000000, 0x0000000085700000, 0x00000000d5580000)
  object space 89088K, 99% used [0x0000000080000000,0x00000000856f07c8,0x0000000085700000)
 Metaspace       used 70809K, committed 72320K, reserved 1114112K
  class space    used 7651K, committed 8320K, reserved 1048576K
}
Event: 1249.224 GC heap before
{Heap before GC invocations=112 (full 3):
 PSYoungGen      total 14336K, used 14314K [0x00000000d5580000, 0x00000000d6780000, 0x0000000100000000)
  eden space 13824K, 100% used [0x00000000d5580000,0x00000000d6300000,0x00000000d6300000)
  from space 512K, 95% used [0x00000000d6700000,0x00000000d677a910,0x00000000d6780000)
  to   space 1024K, 0% used [0x00000000d6580000,0x00000000d6580000,0x00000000d6680000)
 ParOldGen       total 89088K, used 89025K [0x0000000080000000, 0x0000000085700000, 0x00000000d5580000)
  object space 89088K, 99% used [0x0000000080000000,0x00000000856f07c8,0x0000000085700000)
 Metaspace       used 71036K, committed 72576K, reserved 1114112K
  class space    used 7658K, committed 8320K, reserved 1048576K
}
Event: 1249.228 GC heap after
{Heap after GC invocations=112 (full 3):
 PSYoungGen      total 14848K, used 1021K [0x00000000d5580000, 0x00000000d6780000, 0x0000000100000000)
  eden space 13824K, 0% used [0x00000000d5580000,0x00000000d5580000,0x00000000d6300000)
  from space 1024K, 99% used [0x00000000d6580000,0x00000000d667f420,0x00000000d6680000)
  to   space 1024K, 0% used [0x00000000d6680000,0x00000000d6680000,0x00000000d6780000)
 ParOldGen       total 90112K, used 89826K [0x0000000080000000, 0x0000000085800000, 0x00000000d5580000)
  object space 90112K, 99% used [0x0000000080000000,0x00000000857b8880,0x0000000085800000)
 Metaspace       used 71036K, committed 72576K, reserved 1114112K
  class space    used 7658K, committed 8320K, reserved 1048576K
}
Event: 1250.577 GC heap before
{Heap before GC invocations=113 (full 3):
 PSYoungGen      total 14848K, used 14845K [0x00000000d5580000, 0x00000000d6780000, 0x0000000100000000)
  eden space 13824K, 99% used [0x00000000d5580000,0x00000000d62ffff8,0x00000000d6300000)
  from space 1024K, 99% used [0x00000000d6580000,0x00000000d667f420,0x00000000d6680000)
  to   space 1024K, 0% used [0x00000000d6680000,0x00000000d6680000,0x00000000d6780000)
 ParOldGen       total 90112K, used 89826K [0x0000000080000000, 0x0000000085800000, 0x00000000d5580000)
  object space 90112K, 99% used [0x0000000080000000,0x00000000857b8880,0x0000000085800000)
 Metaspace       used 71133K, committed 72640K, reserved 1114112K
  class space    used 7658K, committed 8320K, reserved 1048576K
}
Event: 1250.580 GC heap after
{Heap after GC invocations=113 (full 3):
 PSYoungGen      total 14848K, used 650K [0x00000000d5580000, 0x00000000d6780000, 0x0000000100000000)
  eden space 13824K, 0% used [0x00000000d5580000,0x00000000d5580000,0x00000000d6300000)
  from space 1024K, 63% used [0x00000000d6680000,0x00000000d6722930,0x00000000d6780000)
  to   space 1536K, 0% used [0x00000000d6480000,0x00000000d6480000,0x00000000d6600000)
 ParOldGen       total 91136K, used 90700K [0x0000000080000000, 0x0000000085900000, 0x00000000d5580000)
  object space 91136K, 99% used [0x0000000080000000,0x00000000858930b8,0x0000000085900000)
 Metaspace       used 71133K, committed 72640K, reserved 1114112K
  class space    used 7658K, committed 8320K, reserved 1048576K
}
Event: 1282.350 GC heap before
{Heap before GC invocations=114 (full 3):
 PSYoungGen      total 14848K, used 14474K [0x00000000d5580000, 0x00000000d6780000, 0x0000000100000000)
  eden space 13824K, 100% used [0x00000000d5580000,0x00000000d6300000,0x00000000d6300000)
  from space 1024K, 63% used [0x00000000d6680000,0x00000000d6722930,0x00000000d6780000)
  to   space 1536K, 0% used [0x00000000d6480000,0x00000000d6480000,0x00000000d6600000)
 ParOldGen       total 91136K, used 90700K [0x0000000080000000, 0x0000000085900000, 0x00000000d5580000)
  object space 91136K, 99% used [0x0000000080000000,0x00000000858930b8,0x0000000085900000)
 Metaspace       used 71277K, committed 72768K, reserved 1114112K
  class space    used 7659K, committed 8320K, reserved 1048576K
}
Event: 1282.352 GC heap after
{Heap after GC invocations=114 (full 3):
 PSYoungGen      total 15360K, used 308K [0x00000000d5580000, 0x00000000d6700000, 0x0000000100000000)
  eden space 13824K, 0% used [0x00000000d5580000,0x00000000d5580000,0x00000000d6300000)
  from space 1536K, 20% used [0x00000000d6480000,0x00000000d64cd200,0x00000000d6600000)
  to   space 512K, 0% used [0x00000000d6680000,0x00000000d6680000,0x00000000d6700000)
 ParOldGen       total 91136K, used 90812K [0x0000000080000000, 0x0000000085900000, 0x00000000d5580000)
  object space 91136K, 99% used [0x0000000080000000,0x00000000858af0d8,0x0000000085900000)
 Metaspace       used 71277K, committed 72768K, reserved 1114112K
  class space    used 7659K, committed 8320K, reserved 1048576K
}

