# JRE version: OpenJDK Runtime Environment Temurin-21.0.9+10 (21.0.9+10) (build 21.0.9+10-LTS)
# Java VM: OpenJDK 64-Bit Server VM Temurin-21.0.9+10 (21.0.9+10-LTS, mixed mode, sharing, tiered, compressed oops, compressed class ptrs, parallel gc, windows-amd64)
GC Precious Log:
 CardTable entry size: 512
 CPUs: 4 total, 4 available
 Memory: 7934M
 Large Page Support: Disabled
 NUMA Support: Disabled
 Compressed Oops: Enabled (32-bit)
 Alignments: Space 512K, Generation 512K, Heap 2M
 Heap Min Capacity: 100M
 Heap Initial Capacity: 100M
 Heap Max Capacity: 2G
 Pre-touch: Disabled
 Parallel Workers: 4
Heap:
 PSYoungGen      total 23040K, used 4737K [0x00000000d5580000, 0x00000000d7000000, 0x0000000100000000)
  eden space 19456K, 7% used [0x00000000d5580000,0x00000000d56d6480,0x00000000d6880000)
  from space 3584K, 93% used [0x00000000d6c80000,0x00000000d6fca208,0x00000000d7000000)
  to   space 3584K, 0% used [0x00000000d6900000,0x00000000d6900000,0x00000000d6c80000)
 ParOldGen       total 68608K, used 60812K [0x0000000080000000, 0x0000000084300000, 0x00000000d5580000)
  object space 68608K, 88% used [0x0000000080000000,0x0000000083b631a0,0x0000000084300000)
 Metaspace       used 64782K, committed 66176K, reserved 1114112K
  class space    used 6933K, committed 7552K, reserved 1048576K
GC Heap History (20 events):
Event: 69.415 GC heap before
{Heap before GC invocations=55 (full 3):
 PSYoungGen      total 23040K, used 22738K [0x00000000d5580000, 0x00000000d6d80000, 0x0000000100000000)
  eden space 22016K, 100% used [0x00000000d5580000,0x00000000d6b00000,0x00000000d6b00000)
  from space 1024K, 70% used [0x00000000d6c00000,0x00000000d6cb4940,0x00000000d6d00000)
  to   space 512K, 0% used [0x00000000d6d00000,0x00000000d6d00000,0x00000000d6d80000)
 ParOldGen       total 68608K, used 48301K [0x0000000080000000, 0x0000000084300000, 0x00000000d5580000)
  object space 68608K, 70% used [0x0000000080000000,0x0000000082f2b6d8,0x0000000084300000)
 Metaspace       used 61774K, committed 63104K, reserved 1114112K
  class space    used 6657K, committed 7232K, reserved 1048576K
}
Event: 69.416 GC heap after
{Heap after GC invocations=55 (full 3):
 PSYoungGen      total 22528K, used 448K [0x00000000d5580000, 0x00000000d6d80000, 0x0000000100000000)
  eden space 22016K, 0% used [0x00000000d5580000,0x00000000d5580000,0x00000000d6b00000)
  from space 512K, 87% used [0x00000000d6d00000,0x00000000d6d70000,0x00000000d6d80000)
  to   space 1024K, 0% used [0x00000000d6b80000,0x00000000d6b80000,0x00000000d6c80000)
 ParOldGen       total 68608K, used 48896K [0x0000000080000000, 0x0000000084300000, 0x00000000d5580000)
  object space 68608K, 71% used [0x0000000080000000,0x0000000082fc01c8,0x0000000084300000)
 Metaspace       used 61774K, committed 63104K, reserved 1114112K
  class space    used 6657K, committed 7232K, reserved 1048576K
}
Event: 69.534 GC heap before
{Heap before GC invocations=56 (full 3):
 PSYoungGen      total 22528K, used 22464K [0x00000000d5580000, 0x00000000d6d80000, 0x0000000100000000)
  eden space 22016K, 100% used [0x00000000d5580000,0x00000000d6b00000,0x00000000d6b00000)
  from space 512K, 87% used [0x00000000d6d00000,0x00000000d6d70000,0x00000000d6d80000)
  to   space 1024K, 0% used [0x00000000d6b80000,0x00000000d6b80000,0x00000000d6c80000)
 ParOldGen       total 68608K, used 48896K [0x0000000080000000, 0x0000000084300000, 0x00000000d5580000)
  object space 68608K, 71% used [0x0000000080000000,0x0000000082fc01c8,0x0000000084300000)
 Metaspace       used 61785K, committed 63104K, reserved 1114112K
  class space    used 6659K, committed 7232K, reserved 1048576K
}
Event: 69.536 GC heap after
{Heap after GC invocations=56 (full 3):
 PSYoungGen      total 23040K, used 480K [0x00000000d5580000, 0x00000000d6d80000, 0x0000000100000000)
  eden space 22016K, 0% used [0x00000000d5580000,0x00000000d5580000,0x00000000d6b00000)
  from space 1024K, 46% used [0x00000000d6b80000,0x00000000d6bf8000,0x00000000d6c80000)
  to   space 512K, 0% used [0x00000000d6d00000,0x00000000d6d00000,0x00000000d6d80000)
 ParOldGen       total 68608K, used 49284K [0x0000000080000000, 0x0000000084300000, 0x00000000d5580000)
  object space 68608K, 71% used [0x0000000080000000,0x0000000083021260,0x0000000084300000)
 Metaspace       used 61785K, committed 63104K, reserved 1114112K
  class space    used 6659K, committed 7232K, reserved 1048576K
}
Event: 69.679 GC heap before
{Heap before GC invocations=57 (full 3):
 PSYoungGen      total 23040K, used 22496K [0x00000000d5580000, 0x00000000d6d80000, 0x0000000100000000)
  eden space 22016K, 100% used [0x00000000d5580000,0x00000000d6b00000,0x00000000d6b00000)
  from space 1024K, 46% used [0x00000000d6b80000,0x00000000d6bf8000,0x00000000d6c80000)
  to   space 512K, 0% used [0x00000000d6d00000,0x00000000d6d00000,0x00000000d6d80000)
 ParOldGen       total 68608K, used 49284K [0x0000000080000000, 0x0000000084300000, 0x00000000d5580000)
  object space 68608K, 71% used [0x0000000080000000,0x0000000083021260,0x0000000084300000)
 Metaspace       used 61858K, committed 63104K, reserved 1114112K
  class space    used 6667K, committed 7232K, reserved 1048576K
}
Event: 69.681 GC heap after
{Heap after GC invocations=57 (full 3):
 PSYoungGen      total 22528K, used 512K [0x00000000d5580000, 0x00000000d6f00000, 0x0000000100000000)
  eden space 22016K, 0% used [0x00000000d5580000,0x00000000d5580000,0x00000000d6b00000)
  from space 512K, 100% used [0x00000000d6d00000,0x00000000d6d80000,0x00000000d6d80000)
  to   space 2048K, 0% used [0x00000000d6b00000,0x00000000d6b00000,0x00000000d6d00000)
 ParOldGen       total 68608K, used 50485K [0x0000000080000000, 0x0000000084300000, 0x00000000d5580000)
  object space 68608K, 73% used [0x0000000080000000,0x000000008314d4a8,0x0000000084300000)
 Metaspace       used 61858K, committed 63104K, reserved 1114112K
  class space    used 6667K, committed 7232K, reserved 1048576K
}
Event: 69.879 GC heap before
{Heap before GC invocations=58 (full 3):
 PSYoungGen      total 22528K, used 22528K [0x00000000d5580000, 0x00000000d6f00000, 0x0000000100000000)
  eden space 22016K, 100% used [0x00000000d5580000,0x00000000d6b00000,0x00000000d6b00000)
  from space 512K, 100% used [0x00000000d6d00000,0x00000000d6d80000,0x00000000d6d80000)
  to   space 2048K, 0% used [0x00000000d6b00000,0x00000000d6b00000,0x00000000d6d00000)
 ParOldGen       total 68608K, used 50485K [0x0000000080000000, 0x0000000084300000, 0x00000000d5580000)
  object space 68608K, 73% used [0x0000000080000000,0x000000008314d4a8,0x0000000084300000)
 Metaspace       used 61867K, committed 63104K, reserved 1114112K
  class space    used 6667K, committed 7232K, reserved 1048576K
}
Event: 69.881 GC heap after
{Heap after GC invocations=58 (full 3):
 PSYoungGen      total 22528K, used 437K [0x00000000d5580000, 0x00000000d6d80000, 0x0000000100000000)
  eden space 22016K, 0% used [0x00000000d5580000,0x00000000d5580000,0x00000000d6b00000)
  from space 512K, 85% used [0x00000000d6b00000,0x00000000d6b6d408,0x00000000d6b80000)
  to   space 1024K, 0% used [0x00000000d6c80000,0x00000000d6c80000,0x00000000d6d80000)
 ParOldGen       total 68608K, used 51011K [0x0000000080000000, 0x0000000084300000, 0x00000000d5580000)
  object space 68608K, 74% used [0x0000000080000000,0x00000000831d0f18,0x0000000084300000)
 Metaspace       used 61867K, committed 63104K, reserved 1114112K
  class space    used 6667K, committed 7232K, reserved 1048576K
}
Event: 70.005 GC heap before
{Heap before GC invocations=59 (full 3):
 PSYoungGen      total 22528K, used 22453K [0x00000000d5580000, 0x00000000d6d80000, 0x0000000100000000)
  eden space 22016K, 100% used [0x00000000d5580000,0x00000000d6b00000,0x00000000d6b00000)
  from space 512K, 85% used [0x00000000d6b00000,0x00000000d6b6d408,0x00000000d6b80000)
  to   space 1024K, 0% used [0x00000000d6c80000,0x00000000d6c80000,0x00000000d6d80000)
 ParOldGen       total 68608K, used 51011K [0x0000000080000000, 0x0000000084300000, 0x00000000d5580000)
  object space 68608K, 74% used [0x0000000080000000,0x00000000831d0f18,0x0000000084300000)
 Metaspace       used 61876K, committed 63168K, reserved 1114112K
  class space    used 6667K, committed 7232K, reserved 1048576K
}
Event: 70.006 GC heap after
{Heap after GC invocations=59 (full 3):
 PSYoungGen      total 23040K, used 753K [0x00000000d5580000, 0x00000000d6d80000, 0x0000000100000000)
  eden space 22016K, 0% used [0x00000000d5580000,0x00000000d5580000,0x00000000d6b00000)
  from space 1024K, 73% used [0x00000000d6c80000,0x00000000d6d3c410,0x00000000d6d80000)
  to   space 1024K, 0% used [0x00000000d6b80000,0x00000000d6b80000,0x00000000d6c80000)
 ParOldGen       total 68608K, used 51357K [0x0000000080000000, 0x0000000084300000, 0x00000000d5580000)
  object space 68608K, 74% used [0x0000000080000000,0x0000000083227798,0x0000000084300000)
 Metaspace       used 61876K, committed 63168K, reserved 1114112K
  class space    used 6667K, committed 7232K, reserved 1048576K
}
Event: 70.088 GC heap before
{Heap before GC invocations=60 (full 3):
 PSYoungGen      total 23040K, used 22769K [0x00000000d5580000, 0x00000000d6d80000, 0x0000000100000000)
  eden space 22016K, 100% used [0x00000000d5580000,0x00000000d6b00000,0x00000000d6b00000)
  from space 1024K, 73% used [0x00000000d6c80000,0x00000000d6d3c410,0x00000000d6d80000)
  to   space 1024K, 0% used [0x00000000d6b80000,0x00000000d6b80000,0x00000000d6c80000)
 ParOldGen       total 68608K, used 51357K [0x0000000080000000, 0x0000000084300000, 0x00000000d5580000)
  object space 68608K, 74% used [0x0000000080000000,0x0000000083227798,0x0000000084300000)
 Metaspace       used 61884K, committed 63232K, reserved 1114112K
  class space    used 6667K, committed 7232K, reserved 1048576K
}
Event: 70.089 GC heap after
{Heap after GC invocations=60 (full 3):
 PSYoungGen      total 22528K, used 411K [0x00000000d5580000, 0x00000000d6d00000, 0x0000000100000000)
  eden space 22016K, 0% used [0x00000000d5580000,0x00000000d5580000,0x00000000d6b00000)
  from space 512K, 80% used [0x00000000d6b80000,0x00000000d6be6c08,0x00000000d6c00000)
  to   space 1024K, 0% used [0x00000000d6c00000,0x00000000d6c00000,0x00000000d6d00000)
 ParOldGen       total 68608K, used 51975K [0x0000000080000000, 0x0000000084300000, 0x00000000d5580000)
  object space 68608K, 75% used [0x0000000080000000,0x00000000832c1eb0,0x0000000084300000)
 Metaspace       used 61884K, committed 63232K, reserved 1114112K
  class space    used 6667K, committed 7232K, reserved 1048576K
}
Event: 70.236 GC heap before
{Heap before GC invocations=61 (full 3):
 PSYoungGen      total 22528K, used 22427K [0x00000000d5580000, 0x00000000d6d00000, 0x0000000100000000)
  eden space 22016K, 100% used [0x00000000d5580000,0x00000000d6b00000,0x00000000d6b00000)
  from space 512K, 80% used [0x00000000d6b80000,0x00000000d6be6c08,0x00000000d6c00000)
  to   space 1024K, 0% used [0x00000000d6c00000,0x00000000d6c00000,0x00000000d6d00000)
 ParOldGen       total 68608K, used 51975K [0x0000000080000000, 0x0000000084300000, 0x00000000d5580000)
  object space 68608K, 75% used [0x0000000080000000,0x00000000832c1eb0,0x0000000084300000)
 Metaspace       used 62322K, committed 63680K, reserved 1114112K
  class space    used 6707K, committed 7296K, reserved 1048576K
}
Event: 70.238 GC heap after
{Heap after GC invocations=61 (full 3):
 PSYoungGen      total 23040K, used 688K [0x00000000d5580000, 0x00000000d6d00000, 0x0000000100000000)
  eden space 22016K, 0% used [0x00000000d5580000,0x00000000d5580000,0x00000000d6b00000)
  from space 1024K, 67% used [0x00000000d6c00000,0x00000000d6cac010,0x00000000d6d00000)
  to   space 1024K, 0% used [0x00000000d6b00000,0x00000000d6b00000,0x00000000d6c00000)
 ParOldGen       total 68608K, used 53106K [0x0000000080000000, 0x0000000084300000, 0x00000000d5580000)
  object space 68608K, 77% used [0x0000000080000000,0x00000000833dc930,0x0000000084300000)
 Metaspace       used 62322K, committed 63680K, reserved 1114112K
  class space    used 6707K, committed 7296K, reserved 1048576K
}
Event: 70.300 GC heap before
{Heap before GC invocations=62 (full 3):
 PSYoungGen      total 23040K, used 22704K [0x00000000d5580000, 0x00000000d6d00000, 0x0000000100000000)
  eden space 22016K, 100% used [0x00000000d5580000,0x00000000d6b00000,0x00000000d6b00000)
  from space 1024K, 67% used [0x00000000d6c00000,0x00000000d6cac010,0x00000000d6d00000)
  to   space 1024K, 0% used [0x00000000d6b00000,0x00000000d6b00000,0x00000000d6c00000)
 ParOldGen       total 68608K, used 53106K [0x0000000080000000, 0x0000000084300000, 0x00000000d5580000)
  object space 68608K, 77% used [0x0000000080000000,0x00000000833dc930,0x0000000084300000)
 Metaspace       used 62786K, committed 64192K, reserved 1114112K
  class space    used 6752K, committed 7360K, reserved 1048576K
}
Event: 70.301 GC heap after
{Heap after GC invocations=62 (full 3):
 PSYoungGen      total 23040K, used 1019K [0x00000000d5580000, 0x00000000d6f00000, 0x0000000100000000)
  eden space 22016K, 0% used [0x00000000d5580000,0x00000000d5580000,0x00000000d6b00000)
  from space 1024K, 99% used [0x00000000d6b00000,0x00000000d6bfec60,0x00000000d6c00000)
  to   space 2048K, 0% used [0x00000000d6d00000,0x00000000d6d00000,0x00000000d6f00000)
 ParOldGen       total 68608K, used 53660K [0x0000000080000000, 0x0000000084300000, 0x00000000d5580000)
  object space 68608K, 78% used [0x0000000080000000,0x0000000083467218,0x0000000084300000)
 Metaspace       used 62786K, committed 64192K, reserved 1114112K
  class space    used 6752K, committed 7360K, reserved 1048576K
}
Event: 70.543 GC heap before
{Heap before GC invocations=63 (full 3):
 PSYoungGen      total 23040K, used 23022K [0x00000000d5580000, 0x00000000d6f00000, 0x0000000100000000)
  eden space 22016K, 99% used [0x00000000d5580000,0x00000000d6afcce8,0x00000000d6b00000)
  from space 1024K, 99% used [0x00000000d6b00000,0x00000000d6bfec60,0x00000000d6c00000)
  to   space 2048K, 0% used [0x00000000d6d00000,0x00000000d6d00000,0x00000000d6f00000)
 ParOldGen       total 68608K, used 53660K [0x0000000080000000, 0x0000000084300000, 0x00000000d5580000)
  object space 68608K, 78% used [0x0000000080000000,0x0000000083467218,0x0000000084300000)
 Metaspace       used 63762K, committed 65152K, reserved 1114112K
  class space    used 6849K, committed 7488K, reserved 1048576K
}
Event: 70.546 GC heap after
{Heap after GC invocations=63 (full 3):
 PSYoungGen      total 21504K, used 2017K [0x00000000d5580000, 0x00000000d7400000, 0x0000000100000000)
  eden space 19456K, 0% used [0x00000000d5580000,0x00000000d5580000,0x00000000d6880000)
  from space 2048K, 98% used [0x00000000d6d00000,0x00000000d6ef8798,0x00000000d6f00000)
  to   space 4608K, 0% used [0x00000000d6880000,0x00000000d6880000,0x00000000d6d00000)
 ParOldGen       total 68608K, used 55582K [0x0000000080000000, 0x0000000084300000, 0x00000000d5580000)
  object space 68608K, 81% used [0x0000000080000000,0x0000000083647a20,0x0000000084300000)
 Metaspace       used 63762K, committed 65152K, reserved 1114112K
  class space    used 6849K, committed 7488K, reserved 1048576K
}
Event: 70.730 GC heap before
{Heap before GC invocations=64 (full 3):
 PSYoungGen      total 21504K, used 21473K [0x00000000d5580000, 0x00000000d7400000, 0x0000000100000000)
  eden space 19456K, 100% used [0x00000000d5580000,0x00000000d6880000,0x00000000d6880000)
  from space 2048K, 98% used [0x00000000d6d00000,0x00000000d6ef8798,0x00000000d6f00000)
  to   space 4608K, 0% used [0x00000000d6880000,0x00000000d6880000,0x00000000d6d00000)
 ParOldGen       total 68608K, used 55582K [0x0000000080000000, 0x0000000084300000, 0x00000000d5580000)
  object space 68608K, 81% used [0x0000000080000000,0x0000000083647a20,0x0000000084300000)
 Metaspace       used 64225K, committed 65600K, reserved 1114112K
  class space    used 6891K, committed 7488K, reserved 1048576K
}
Event: 70.734 GC heap after
{Heap after GC invocations=64 (full 3):
 PSYoungGen      total 23552K, used 3654K [0x00000000d5580000, 0x00000000d7080000, 0x0000000100000000)
  eden space 19456K, 0% used [0x00000000d5580000,0x00000000d5580000,0x00000000d6880000)
  from space 4096K, 89% used [0x00000000d6880000,0x00000000d6c11bb8,0x00000000d6c80000)
  to   space 4096K, 0% used [0x00000000d6c80000,0x00000000d6c80000,0x00000000d7080000)
 ParOldGen       total 68608K, used 57430K [0x0000000080000000, 0x0000000084300000, 0x00000000d5580000)
  object space 68608K, 83% used [0x0000000080000000,0x00000000838159a0,0x0000000084300000)
 Metaspace       used 64225K, committed 65600K, reserved 1114112K
  class space    used 6891K, committed 7488K, reserved 1048576K
}

