# JRE version: OpenJDK Runtime Environment Temurin-21.0.9+10 (21.0.9+10) (build 21.0.9+10-LTS)
# Java VM: OpenJDK 64-Bit Server VM Temurin-21.0.9+10 (21.0.9+10-LTS, mixed mode, sharing, tiered, compressed oops, compressed class ptrs, parallel gc, windows-amd64)
GC Precious Log:
 CardTable entry size: 512
 CPUs: 4 total, 4 available
 Memory: 7934M
 Large Page Support: Disabled
 NUMA Support: Disabled
 Compressed Oops: Enabled (32-bit)
 Alignments: Space 512K, Generation 512K, Heap 2M
 Heap Min Capacity: 100M
 Heap Initial Capacity: 100M
 Heap Max Capacity: 2G
 Pre-touch: Disabled
 Parallel Workers: 4
Heap:
 PSYoungGen      total 10752K, used 6713K [0x00000000d5580000, 0x00000000d6100000, 0x0000000100000000)
  eden space 9728K, 61% used [0x00000000d5580000,0x00000000d5b61348,0x00000000d5f00000)
  from space 1024K, 67% used [0x00000000d6000000,0x00000000d60ad200,0x00000000d6100000)
  to   space 1024K, 0% used [0x00000000d5f00000,0x00000000d5f00000,0x00000000d6000000)
 ParOldGen       total 89088K, used 88876K [0x0000000080000000, 0x0000000085700000, 0x00000000d5580000)
  object space 89088K, 99% used [0x0000000080000000,0x00000000856cb328,0x0000000085700000)
 Metaspace       used 74256K, committed 75840K, reserved 1179648K
  class space    used 8048K, committed 8768K, reserved 1048576K
GC Heap History (20 events):
Event: 483.209 GC heap before
{Heap before GC invocations=160 (full 3):
 PSYoungGen      total 11264K, used 11153K [0x00000000d5580000, 0x00000000d6400000, 0x0000000100000000)
  eden space 9728K, 100% used [0x00000000d5580000,0x00000000d5f00000,0x00000000d5f00000)
  from space 1536K, 92% used [0x00000000d6280000,0x00000000d63e45f8,0x00000000d6400000)
  to   space 2560K, 0% used [0x00000000d5f00000,0x00000000d5f00000,0x00000000d6180000)
 ParOldGen       total 84480K, used 84465K [0x0000000080000000, 0x0000000085280000, 0x00000000d5580000)
  object space 84480K, 99% used [0x0000000080000000,0x000000008527c628,0x0000000085280000)
 Metaspace       used 71004K, committed 72512K, reserved 1114112K
  class space    used 7650K, committed 8320K, reserved 1048576K
}
Event: 483.214 GC heap after
{Heap after GC invocations=160 (full 3):
 PSYoungGen      total 12288K, used 788K [0x00000000d5580000, 0x00000000d6300000, 0x0000000100000000)
  eden space 9728K, 0% used [0x00000000d5580000,0x00000000d5580000,0x00000000d5f00000)
  from space 2560K, 30% used [0x00000000d5f00000,0x00000000d5fc5200,0x00000000d6180000)
  to   space 1536K, 0% used [0x00000000d6180000,0x00000000d6180000,0x00000000d6300000)
 ParOldGen       total 86016K, used 85793K [0x0000000080000000, 0x0000000085400000, 0x00000000d5580000)
  object space 86016K, 99% used [0x0000000080000000,0x00000000853c8540,0x0000000085400000)
 Metaspace       used 71004K, committed 72512K, reserved 1114112K
  class space    used 7650K, committed 8320K, reserved 1048576K
}
Event: 515.990 GC heap before
{Heap before GC invocations=161 (full 3):
 PSYoungGen      total 12288K, used 10516K [0x00000000d5580000, 0x00000000d6300000, 0x0000000100000000)
  eden space 9728K, 100% used [0x00000000d5580000,0x00000000d5f00000,0x00000000d5f00000)
  from space 2560K, 30% used [0x00000000d5f00000,0x00000000d5fc5200,0x00000000d6180000)
  to   space 1536K, 0% used [0x00000000d6180000,0x00000000d6180000,0x00000000d6300000)
 ParOldGen       total 86016K, used 85793K [0x0000000080000000, 0x0000000085400000, 0x00000000d5580000)
  object space 86016K, 99% used [0x0000000080000000,0x00000000853c8540,0x0000000085400000)
 Metaspace       used 71042K, committed 72576K, reserved 1114112K
  class space    used 7650K, committed 8320K, reserved 1048576K
}
Event: 515.995 GC heap after
{Heap after GC invocations=161 (full 3):
 PSYoungGen      total 10240K, used 297K [0x00000000d5580000, 0x00000000d6200000, 0x0000000100000000)
  eden space 9728K, 0% used [0x00000000d5580000,0x00000000d5580000,0x00000000d5f00000)
  from space 512K, 58% used [0x00000000d6180000,0x00000000d61ca420,0x00000000d6200000)
  to   space 1024K, 0% used [0x00000000d6000000,0x00000000d6000000,0x00000000d6100000)
 ParOldGen       total 86528K, used 86029K [0x0000000080000000, 0x0000000085480000, 0x00000000d5580000)
  object space 86528K, 99% used [0x0000000080000000,0x0000000085403590,0x0000000085480000)
 Metaspace       used 71042K, committed 72576K, reserved 1114112K
  class space    used 7650K, committed 8320K, reserved 1048576K
}
Event: 568.213 GC heap before
{Heap before GC invocations=162 (full 3):
 PSYoungGen      total 10240K, used 10025K [0x00000000d5580000, 0x00000000d6200000, 0x0000000100000000)
  eden space 9728K, 100% used [0x00000000d5580000,0x00000000d5f00000,0x00000000d5f00000)
  from space 512K, 58% used [0x00000000d6180000,0x00000000d61ca420,0x00000000d6200000)
  to   space 1024K, 0% used [0x00000000d6000000,0x00000000d6000000,0x00000000d6100000)
 ParOldGen       total 86528K, used 86029K [0x0000000080000000, 0x0000000085480000, 0x00000000d5580000)
  object space 86528K, 99% used [0x0000000080000000,0x0000000085403590,0x0000000085480000)
 Metaspace       used 71796K, committed 73344K, reserved 1114112K
  class space    used 7750K, committed 8448K, reserved 1048576K
}
Event: 568.217 GC heap after
{Heap after GC invocations=162 (full 3):
 PSYoungGen      total 10752K, used 366K [0x00000000d5580000, 0x00000000d6200000, 0x0000000100000000)
  eden space 9728K, 0% used [0x00000000d5580000,0x00000000d5580000,0x00000000d5f00000)
  from space 1024K, 35% used [0x00000000d6000000,0x00000000d605bb00,0x00000000d6100000)
  to   space 512K, 0% used [0x00000000d6180000,0x00000000d6180000,0x00000000d6200000)
 ParOldGen       total 86528K, used 86117K [0x0000000080000000, 0x0000000085480000, 0x00000000d5580000)
  object space 86528K, 99% used [0x0000000080000000,0x00000000854195b0,0x0000000085480000)
 Metaspace       used 71796K, committed 73344K, reserved 1114112K
  class space    used 7750K, committed 8448K, reserved 1048576K
}
Event: 568.286 GC heap before
{Heap before GC invocations=163 (full 3):
 PSYoungGen      total 10752K, used 10094K [0x00000000d5580000, 0x00000000d6200000, 0x0000000100000000)
  eden space 9728K, 100% used [0x00000000d5580000,0x00000000d5f00000,0x00000000d5f00000)
  from space 1024K, 35% used [0x00000000d6000000,0x00000000d605bb00,0x00000000d6100000)
  to   space 512K, 0% used [0x00000000d6180000,0x00000000d6180000,0x00000000d6200000)
 ParOldGen       total 86528K, used 86117K [0x0000000080000000, 0x0000000085480000, 0x00000000d5580000)
  object space 86528K, 99% used [0x0000000080000000,0x00000000854195b0,0x0000000085480000)
 Metaspace       used 71809K, committed 73344K, reserved 1114112K
  class space    used 7750K, committed 8448K, reserved 1048576K
}
Event: 568.290 GC heap after
{Heap after GC invocations=163 (full 3):
 PSYoungGen      total 10240K, used 512K [0x00000000d5580000, 0x00000000d6200000, 0x0000000100000000)
  eden space 9728K, 0% used [0x00000000d5580000,0x00000000d5580000,0x00000000d5f00000)
  from space 512K, 100% used [0x00000000d6180000,0x00000000d6200000,0x00000000d6200000)
  to   space 1536K, 0% used [0x00000000d5f00000,0x00000000d5f00000,0x00000000d6080000)
 ParOldGen       total 87040K, used 86829K [0x0000000080000000, 0x0000000085500000, 0x00000000d5580000)
  object space 87040K, 99% used [0x0000000080000000,0x00000000854cb500,0x0000000085500000)
 Metaspace       used 71809K, committed 73344K, reserved 1114112K
  class space    used 7750K, committed 8448K, reserved 1048576K
}
Event: 568.484 GC heap before
{Heap before GC invocations=164 (full 3):
 PSYoungGen      total 10240K, used 10240K [0x00000000d5580000, 0x00000000d6200000, 0x0000000100000000)
  eden space 9728K, 100% used [0x00000000d5580000,0x00000000d5f00000,0x00000000d5f00000)
  from space 512K, 100% used [0x00000000d6180000,0x00000000d6200000,0x00000000d6200000)
  to   space 1536K, 0% used [0x00000000d5f00000,0x00000000d5f00000,0x00000000d6080000)
 ParOldGen       total 87040K, used 86829K [0x0000000080000000, 0x0000000085500000, 0x00000000d5580000)
  object space 87040K, 99% used [0x0000000080000000,0x00000000854cb500,0x0000000085500000)
 Metaspace       used 72126K, committed 73600K, reserved 1114112K
  class space    used 7768K, committed 8448K, reserved 1048576K
}
Event: 568.489 GC heap after
{Heap after GC invocations=164 (full 3):
 PSYoungGen      total 11264K, used 1038K [0x00000000d5580000, 0x00000000d6200000, 0x0000000100000000)
  eden space 9728K, 0% used [0x00000000d5580000,0x00000000d5580000,0x00000000d5f00000)
  from space 1536K, 67% used [0x00000000d5f00000,0x00000000d6003b00,0x00000000d6080000)
  to   space 1536K, 0% used [0x00000000d6080000,0x00000000d6080000,0x00000000d6200000)
 ParOldGen       total 87552K, used 87332K [0x0000000080000000, 0x0000000085580000, 0x00000000d5580000)
  object space 87552K, 99% used [0x0000000080000000,0x00000000855492a8,0x0000000085580000)
 Metaspace       used 72126K, committed 73600K, reserved 1114112K
  class space    used 7768K, committed 8448K, reserved 1048576K
}
Event: 568.764 GC heap before
{Heap before GC invocations=165 (full 3):
 PSYoungGen      total 11264K, used 10766K [0x00000000d5580000, 0x00000000d6200000, 0x0000000100000000)
  eden space 9728K, 100% used [0x00000000d5580000,0x00000000d5f00000,0x00000000d5f00000)
  from space 1536K, 67% used [0x00000000d5f00000,0x00000000d6003b00,0x00000000d6080000)
  to   space 1536K, 0% used [0x00000000d6080000,0x00000000d6080000,0x00000000d6200000)
 ParOldGen       total 87552K, used 87332K [0x0000000080000000, 0x0000000085580000, 0x00000000d5580000)
  object space 87552K, 99% used [0x0000000080000000,0x00000000855492a8,0x0000000085580000)
 Metaspace       used 72203K, committed 73728K, reserved 1179648K
  class space    used 7770K, committed 8448K, reserved 1048576K
}
Event: 568.769 GC heap after
{Heap after GC invocations=165 (full 3):
 PSYoungGen      total 10240K, used 393K [0x00000000d5580000, 0x00000000d6100000, 0x0000000100000000)
  eden space 9728K, 0% used [0x00000000d5580000,0x00000000d5580000,0x00000000d5f00000)
  from space 512K, 76% used [0x00000000d6080000,0x00000000d60e2538,0x00000000d6100000)
  to   space 1024K, 0% used [0x00000000d5f00000,0x00000000d5f00000,0x00000000d6000000)
 ParOldGen       total 88064K, used 87795K [0x0000000080000000, 0x0000000085600000, 0x00000000d5580000)
  object space 88064K, 99% used [0x0000000080000000,0x00000000855bcdf8,0x0000000085600000)
 Metaspace       used 72203K, committed 73728K, reserved 1179648K
  class space    used 7770K, committed 8448K, reserved 1048576K
}
Event: 569.109 GC heap before
{Heap before GC invocations=166 (full 3):
 PSYoungGen      total 10240K, used 10121K [0x00000000d5580000, 0x00000000d6100000, 0x0000000100000000)
  eden space 9728K, 100% used [0x00000000d5580000,0x00000000d5f00000,0x00000000d5f00000)
  from space 512K, 76% used [0x00000000d6080000,0x00000000d60e2538,0x00000000d6100000)
  to   space 1024K, 0% used [0x00000000d5f00000,0x00000000d5f00000,0x00000000d6000000)
 ParOldGen       total 88064K, used 87795K [0x0000000080000000, 0x0000000085600000, 0x00000000d5580000)
  object space 88064K, 99% used [0x0000000080000000,0x00000000855bcdf8,0x0000000085600000)
 Metaspace       used 72248K, committed 73792K, reserved 1179648K
  class space    used 7772K, committed 8448K, reserved 1048576K
}
Event: 569.112 GC heap after
{Heap after GC invocations=166 (full 3):
 PSYoungGen      total 10752K, used 160K [0x00000000d5580000, 0x00000000d6100000, 0x0000000100000000)
  eden space 9728K, 0% used [0x00000000d5580000,0x00000000d5580000,0x00000000d5f00000)
  from space 1024K, 15% used [0x00000000d5f00000,0x00000000d5f28000,0x00000000d6000000)
  to   space 512K, 0% used [0x00000000d6080000,0x00000000d6080000,0x00000000d6100000)
 ParOldGen       total 88064K, used 88032K [0x0000000080000000, 0x0000000085600000, 0x00000000d5580000)
  object space 88064K, 99% used [0x0000000080000000,0x00000000855f8260,0x0000000085600000)
 Metaspace       used 72248K, committed 73792K, reserved 1179648K
  class space    used 7772K, committed 8448K, reserved 1048576K
}
Event: 569.176 GC heap before
{Heap before GC invocations=167 (full 3):
 PSYoungGen      total 10752K, used 9888K [0x00000000d5580000, 0x00000000d6100000, 0x0000000100000000)
  eden space 9728K, 100% used [0x00000000d5580000,0x00000000d5f00000,0x00000000d5f00000)
  from space 1024K, 15% used [0x00000000d5f00000,0x00000000d5f28000,0x00000000d6000000)
  to   space 512K, 0% used [0x00000000d6080000,0x00000000d6080000,0x00000000d6100000)
 ParOldGen       total 88064K, used 88032K [0x0000000080000000, 0x0000000085600000, 0x00000000d5580000)
  object space 88064K, 99% used [0x0000000080000000,0x00000000855f8260,0x0000000085600000)
 Metaspace       used 72295K, committed 73856K, reserved 1179648K
  class space    used 7776K, committed 8448K, reserved 1048576K
}
Event: 569.178 GC heap after
{Heap after GC invocations=167 (full 3):
 PSYoungGen      total 10240K, used 489K [0x00000000d5580000, 0x00000000d6100000, 0x0000000100000000)
  eden space 9728K, 0% used [0x00000000d5580000,0x00000000d5580000,0x00000000d5f00000)
  from space 512K, 95% used [0x00000000d6080000,0x00000000d60fa400,0x00000000d6100000)
  to   space 1024K, 0% used [0x00000000d5f00000,0x00000000d5f00000,0x00000000d6000000)
 ParOldGen       total 88576K, used 88195K [0x0000000080000000, 0x0000000085680000, 0x00000000d5580000)
  object space 88576K, 99% used [0x0000000080000000,0x0000000085620fb0,0x0000000085680000)
 Metaspace       used 72295K, committed 73856K, reserved 1179648K
  class space    used 7776K, committed 8448K, reserved 1048576K
}
Event: 569.378 GC heap before
{Heap before GC invocations=168 (full 3):
 PSYoungGen      total 10240K, used 10217K [0x00000000d5580000, 0x00000000d6100000, 0x0000000100000000)
  eden space 9728K, 100% used [0x00000000d5580000,0x00000000d5f00000,0x00000000d5f00000)
  from space 512K, 95% used [0x00000000d6080000,0x00000000d60fa400,0x00000000d6100000)
  to   space 1024K, 0% used [0x00000000d5f00000,0x00000000d5f00000,0x00000000d6000000)
 ParOldGen       total 88576K, used 88195K [0x0000000080000000, 0x0000000085680000, 0x00000000d5580000)
  object space 88576K, 99% used [0x0000000080000000,0x0000000085620fb0,0x0000000085680000)
 Metaspace       used 73008K, committed 74560K, reserved 1179648K
  class space    used 7878K, committed 8576K, reserved 1048576K
}
Event: 569.382 GC heap after
{Heap after GC invocations=168 (full 3):
 PSYoungGen      total 10752K, used 575K [0x00000000d5580000, 0x00000000d6100000, 0x0000000100000000)
  eden space 9728K, 0% used [0x00000000d5580000,0x00000000d5580000,0x00000000d5f00000)
  from space 1024K, 56% used [0x00000000d5f00000,0x00000000d5f8fc48,0x00000000d6000000)
  to   space 1024K, 0% used [0x00000000d6000000,0x00000000d6000000,0x00000000d6100000)
 ParOldGen       total 88576K, used 88400K [0x0000000080000000, 0x0000000085680000, 0x00000000d5580000)
  object space 88576K, 99% used [0x0000000080000000,0x00000000856541b0,0x0000000085680000)
 Metaspace       used 73008K, committed 74560K, reserved 1179648K
  class space    used 7878K, committed 8576K, reserved 1048576K
}
Event: 569.738 GC heap before
{Heap before GC invocations=169 (full 3):
 PSYoungGen      total 10752K, used 10303K [0x00000000d5580000, 0x00000000d6100000, 0x0000000100000000)
  eden space 9728K, 100% used [0x00000000d5580000,0x00000000d5f00000,0x00000000d5f00000)
  from space 1024K, 56% used [0x00000000d5f00000,0x00000000d5f8fc48,0x00000000d6000000)
  to   space 1024K, 0% used [0x00000000d6000000,0x00000000d6000000,0x00000000d6100000)
 ParOldGen       total 88576K, used 88400K [0x0000000080000000, 0x0000000085680000, 0x00000000d5580000)
  object space 88576K, 99% used [0x0000000080000000,0x00000000856541b0,0x0000000085680000)
 Metaspace       used 74217K, committed 75776K, reserved 1179648K
  class space    used 8048K, committed 8768K, reserved 1048576K
}
Event: 569.741 GC heap after
{Heap after GC invocations=169 (full 3):
 PSYoungGen      total 10752K, used 692K [0x00000000d5580000, 0x00000000d6100000, 0x0000000100000000)
  eden space 9728K, 0% used [0x00000000d5580000,0x00000000d5580000,0x00000000d5f00000)
  from space 1024K, 67% used [0x00000000d6000000,0x00000000d60ad200,0x00000000d6100000)
  to   space 1024K, 0% used [0x00000000d5f00000,0x00000000d5f00000,0x00000000d6000000)
 ParOldGen       total 89088K, used 88876K [0x0000000080000000, 0x0000000085700000, 0x00000000d5580000)
  object space 89088K, 99% used [0x0000000080000000,0x00000000856cb328,0x0000000085700000)
 Metaspace       used 74217K, committed 75776K, reserved 1179648K
  class space    used 8048K, committed 8768K, reserved 1048576K
}

